nohup: ignoring input
450563_8
802820_91_ue
802822_8
1204231_3_ue
450571_101
802837_6
1204249_63_ue
1204250_4_ue
450591_18
450601_20
802858_58
802861_7
450606_10
1204279_17_ue
1204280_58
802895_15
1204306_55_ue
1204316_3_ue
1204318_5
450656_51
450657_170
1204320_99
450666_614
163948_14
450676_21
1204343_7
1204346_96_ue
1204372_20_ue
1204374_79_ue
1204376_20_ue
1204377_11_ue
450716_6
802975_75
450722_49
164008_8
1204393_15_ue
450730_30
1204397_12_ue
1204405_7_ue
164027_101
803003_187
1204417_15
1204426_20_ue
1204431_14_ue
1204436_9_ue
803029_34
1204438_85_ue
1204439_12_ue
450776_19
164059_33
1204446_14
1204452_37_ue
1204453_7_ue
164070_225
164071_2
164076_40
450798_5
164082_4
1204468_120_ue
164087_407
450807_27
1204471_11_ue
1204474_17_ue
1204478_27_ue
1204480_40_ue
164106_117
1204491_19_ue
164108_57
1204495_360
1204496_14
164117_72
450839_18
803096_9
164129_3
164133_42
1204517_9_ue
1204519_21_ue
164137_33
164141_47
450865_17
1204533_16_ue
450870_64
450871_106
164154_8
450890_9
1204558_180
164176_34
1204560_72_ue
803164_108
1204582_40_ue
164206_33
1204600_64_ue
1204606_19
1204614_51_ue
1204631_15_ue
450970_95
1204642_41_ue
164266_22
1204651_28_ue
1204656_90_ue
1204657_21_ue
164282_107
1204671_48_ue
164300_160
1204691_18_ue
451047_4
451054_17
1204735_39_ue
1204743_28_ue
164360_3
164362_113
803351_124
1204760_26_ue
1204764_36_ue
803361_184
164387_8
1204772_14_ue
164389_126
1204773_12
1204774_10_ue
164396_80
451118_22
803374_230
1204782_13
164407_471
164413_54
803391_19
1204803_93_ue
1204806_45_ue
1204808_37_ue
1204809_46_ue
1204812_36_ue
451155_14
803415_14
1204823_34_ue
451163_4
1204827_609
1204831_14_ue
1204834_37_ue
451172_10
803429_112
1204838_32_ue
164455_7
803432_25
164457_544
1204845_7_ue
1204847_36_ue
1204853_33_ue
164477_2
1204863_28_ue
803457_60
164483_30
1204867_27_ue
164487_5
164490_43
1204875_16
164494_59
451216_6
164507_17
1204892_159_ue
451231_81
451243_61
803502_36
1204914_21_ue
1204915_5_ue
803508_4
451256_11
451258_6
1204922_9_ue
1204925_106_ue
451263_4
1204928_18_ue
451266_82
1204931_61_ue
1204943_20_ue
1204956_8_ue
803550_29
803551_23
1204959_38_ue
451309_10
1204976_112
451315_11
451317_13
164602_6
1204986_469
1204987_17_ue
164605_17
451327_5
164611_29
1205000_22_ue
451337_21
164619_19
451340_604
1205003_121
1205006_107_ue
1205026_38_ue
451363_6
1205029_32_ue
451367_84
803626_13
1205034_126
1205038_86_ue
1205042_45_ue
164664_222
1205049_56_ue
803661_54
803665_37
451416_22
1205082_20_ue
1205085_23_ue
164706_65
1205100_54
803693_58
1205103_50_ue
164721_1
451441_138
164728_30
1205116_14_ue
1205117_67_ue
164743_15
451469_54
451472_453
1205136_26_ue
451479_123
164765_7
451485_67
451486_11
164772_27
164778_91
451501_22
451513_9
451516_50
164797_194
164802_2052
451527_26
451530_428
451537_15
451538_3
451542_26
451547_7
451548_163
164830_151
164831_124
1205229_92_ue
451574_157
1205239_53_ue
451596_9
451599_8
451604_31
1205281_43_ue
164903_13
451629_16
451640_25
451641_25
1205308_7_ue
1205309_8_ue
451646_2
1205310_101_ue
451653_36
451654_42
1205335_16_ue
451684_33
164971_6
803947_12
451695_27
164976_32
1205361_21_ue
451698_5
451715_86
1205379_5_ue
1205380_9_ue
165004_16
1205401_20_ue
165026_7
1205429_4
451809_40
1205475_46_ue
1205476_8_ue
1205480_17_ue
1205482_14_ue
804085_17
1205496_42_ue
804102_116
1205510_12_ue
1205515_36_ue
451879_16
804148_6
1205559_5_ue
1205565_7_ue
1205575_22_ue
1205579_7
1205600_56_ue
1205607_17_ue
451945_31
1205611_46_ue
1205615_24_ue
451954_86
1205619_157_ue
1205623_21
451973_399
451989_48
1205659_168_ue
1205672_28_ue
1205679_48_ue
1205693_110_ue
1205702_41_ue
1205704_76_ue
1205718_30_ue
1205721_21
1205732_74_ue
1205741_22_ue
452087_4
1205754_20
804347_14
1205770_53_ue
1205781_23_ue
1205788_22_ue
1205795_56_ue
804395_80
452143_3
1205811_36_ue
1205818_73_ue
1205821_25_ue
804422_29
1205835_109_ue
804429_28
1205838_191_ue
1205840_161_ue
1205842_48_ue
1205844_8
1205848_141
1205867_39
1205878_132_ue
804472_13
452243_6
452244_858
1205920_18_ue
452259_3
452267_11
1205953_84_ue
1205974_7_ue
804577_22
452333_45
452338_9
1206037_49_ue
1206041_37_ue
1206046_30_ue
804651_88
1206077_258
1206090_11_ue
1206114_17_ue
1206123_7_ue
1206128_18_ue
1206135_26_ue
452484_119
1206160_35_ue
452506_35
1206208_104_ue
452545_71
1206229_61_ue
452572_112
1206251_44_ue
1206256_12_ue
1206262_32_ue
804861_46
452614_3
1206280_20_ue
1206287_22_ue
1206290_50_ue
452634_363
1206302_15_ue
804898_101
804899_202
1206321_125_ue
1206325_9_ue
1206341_35_ue
452687_16
1206369_13_ue
1206370_38_ue
1206383_58
452720_65
1206399_12
804997_122
805004_46
805005_27
1206412_55
1206413_21_ue
1206415_41_ue
452757_81
1206423_4_ue
1206429_91_ue
1206430_24_ue
1206436_100_ue
805049_49
1206459_13
1206464_22_ue
805060_75
452805_25
452814_6
1206489_46_ue
452828_5
1206492_63_ue
805086_182
1206505_56_ue
1206506_18_ue
1206510_23_ue
805106_166
1206516_24_ue
452861_19
1206528_18_ue
805125_95
1206546_65_ue
805140_112
1206551_53_ue
1206552_34_ue
1206569_9
805165_308
1206578_8
158007_105
1206583_18
1206594_3_ue
1206595_34_ue
158025_34
452956_59
1206624_88_ue
1206630_236_ue
1206633_12_ue
1206639_27_ue
452976_145
1206644_18
1206648_43_ue
452986_30
1206663_42_ue
158093_105
805262_158
158105_57
805273_6
805276_185
158109_265
805280_218
1206692_17_ue
158118_6
805292_91
1206708_12_ue
1206709_50
158134_99
1206719_27_ue
158144_9
158148_181
1206730_28_ue
1206734_51_ue
1206735_225_ue
1206739_3
453085_26
1206750_69_ue
1206763_67_ue
1206780_24_ue
805378_68
805380_21
1206793_13_ue
805388_31
453149_322
453151_40
453158_26
453166_20
158258_108
805428_16
453192_2
158289_14
158295_33
805466_171
805471_200
805490_88
158323_36
1206898_9_ue
1206906_27_ue
1206909_86_ue
453247_95
805508_19
805526_52
453278_6
158374_9
453287_27
1206951_39
1206961_2_ue
453301_67
805558_23
805561_43
453318_8
1206992_22_ue
1206998_39_ue
158433_195
1207023_23
1207026_67_ue
453369_9
1207035_20_ue
1207037_22_ue
1207046_16_ue
453394_14
1207061_75_ue
1207065_74_ue
805658_13
158491_6
1207067_3_ue
1207074_10_ue
1207076_17_ue
1207081_20_ue
453427_25
1207091_11_ue
158519_103
1207108_113
453450_35_ue
1207125_39_ue
158551_5
453468_24
1207134_24_ue
453502_3
805767_61
1207176_13_ue
1207177_34_ue
805774_10
1207183_113_ue
158608_37
453525_64
453528_37
805789_41
453547_51
1207211_17_ue
1207220_18_ue
805819_76
1207233_27_ue
1207234_118_ue
453574_35
805832_15
805836_31
1207252_35_ue
158677_41
805845_64_ue
158680_9
158689_79
158690_87
453605_52
1207271_16_ue
1207272_4_ue
158698_5
1207294_75
453631_98
1207308_15_ue
805920_38
1207333_53_ue
1207334_17_ue
1207371_18
453715_7
805971_38
158815_20
806008_110
1207419_15_ue
1207420_31_ue
806014_48
1207423_56_ue
158848_38
1207432_32_ue
158869_15
158872_40
806046_3
453796_32
806059_138
453806_8
806070_153
453861_73
1207525_49_ue
1207526_11_ue
806131_54
158965_52
453892_118
806159_7
1207568_54
159012_80
1207594_43_ue
453933_90
1207599_43
453949_22
1207616_8_ue
159052_32
453965_25
1207630_79_ue
159065_6
1207644_15
1207648_42_ue
159077_26
806246_421
1207661_47
453998_12
159100_47
1207677_42_ue
1207686_85_ue
806282_57
806293_38
159152_119
1207733_23
806335_270_ue
1207743_13_ue
454085_19
1207762_95_ue
159195_45
159206_330
1207782_22
454125_33
454126_444
1207792_4_ue
454131_6
454132_66
1207795_9
454134_294
806408_271
454165_3
159269_33
159271_136
806444_518
454194_24
1207865_11_ue
1207868_7_ue
454209_306
806470_123
806480_15
1207896_268_ue
159322_119
454237_4
454238_10
454259_23
159351_58
806520_12
1207931_15_ue
806525_25
1207942_41_ue
454279_6
1207943_305
806542_30
1207950_18_ue
806544_55
1207972_22_ue
159408_37
1208000_9_ue
1208002_13_ue
1208005_25_ue
1208016_33_ue
1208018_14_ue
806611_227
1208021_27_ue
1208025_26_ue
1208028_86_ue
454372_12
1208049_32_ue
1208052_39_ue
159479_19
806648_25
1208066_36_ue
454410_61
1208077_126_ue
159504_199
1208088_15_ue
1208092_72_ue
1208095_10
1208102_35_ue
1208103_99
1208104_5
1208108_26_ue
1208110_21
806705_36
1208113_12_ue
454454_61
806716_58
1208129_7
1208134_27_ue
1208138_17_ue
1208144_105_ue
1208145_346
159581_222
1208164_52_ue
454517_177
454538_95
159632_66
806803_114
1208222_22_ue
1208232_19_ue
806825_22
1200046_8_ue
1208238_35_ue
1200048_118
454578_21
1208242_12_ue
1208247_12_ue
1200072_44_ue
1200074_15
1208269_87_ue
1208273_4
1208274_16_ue
454612_8
1200084_43
1200085_46
159704_149
1208280_6_ue
159707_4
1208284_68_ue
806882_21
1208294_23_ue
159719_41
1208298_91_ue
1208301_29
1208306_32_ue
1208307_13_ue
1208308_33_ue
1208314_63_ue
1208336_27_ue
159773_236
1208353_130_ue
1208357_11_ue
1208359_47_ue
1208363_8_ue
1208364_30_ue
1208367_8_ue
1208376_89_ue
1208377_21_ue
1208378_101_ue
1200194_50
806980_34
1200196_75_ue
1208390_11_ue
1200199_19_ue
1208401_25_ue
1208403_28_ue
1200218_30
807003_16
1208419_34_ue
1208420_193_ue
1200236_7_ue
1208430_11_ue
1208432_3
159859_32
1208442_31_ue
159867_36
1208444_35
1208452_189
1208453_86_ue
159885_25
1200287_6
454821_38
159910_19
1208485_88_ue
1208497_51_ue
159928_17
1200317_7_ue
1208511_30_ue
1208515_72_ue
1208521_459
807118_17
1200351_26_ue
1208557_38_ue
807150_9
1200367_21_ue
1200370_7
1200374_7
807169_38
160010_21
807178_39
1208587_238
1208593_36_ue
1200404_44_ue
454933_77
1208598_8_ue
1208599_20
160027_17
1200417_10_ue
807203_52
1208619_12
807224_15
1208636_23_ue
454977_36
807233_105
1208646_73_ue
1200458_7_ue
454992_87
807248_14
160083_31
1200469_43
455009_6
1208673_37_ue
1208678_59_ue
160107_186
1208689_27_ue
1200501_94_ue
1208697_32_ue
1200506_34
1208703_31
160144_89
807313_45
807318_9
1200537_100_ue
1208738_14_ue
1208742_56_ue
1208750_6_ue
1208756_14
455094_34
1208758_83_ue
160188_164
1200575_15
160198_346
1200585_14_ue
807370_286
1200586_3_ue
1208778_8_ue
1200594_3
1208787_5_ue
455126_47
1200600_15_ue
455136_10
807397_50
807400_96
1208812_246
1208817_2
455160_182
160249_23
1208828_467
1208829_338_ue
1208831_39_ue
1208837_15_ue
160273_50
455186_13
160275_27
1208854_95_ue
1200667_58
1208862_32_ue
1200675_9_ue
1200676_33_ue
1200677_14_ue
160297_30
160298_40
1208875_22_ue
807471_31
1208879_7_ue
1208880_103_ue
1200690_5
807476_9
1208887_9
807483_37
1200703_171_ue
455233_5
1208899_239_ue
160326_6
1200710_12
1200713_52_ue
1200715_62_ue
455252_68
1200730_62_ue
1200732_157_ue
807519_314
160352_7
1200735_114
160359_258
1200746_48_ue
160373_29
807541_103
1200760_134_ue
1200762_77_ue
455293_109
1200767_214
1200776_28_ue
1200777_79_ue
1208973_13_ue
160404_5
160407_18
1208986_18_ue
1208989_11_ue
1200802_9
1200805_139_ue
1200807_3
807592_32
1200809_29
1209002_12_ue
1209009_15_ue
1209013_25_ue
807608_9
1209019_39_ue
1209021_8_ue
1200831_21
160450_10
160451_411
1200834_63_ue
1200838_17_ue
1200842_64
1209040_88
1200854_32_ue
455394_5
1209063_5
1209067_58_ue
455413_12
160507_101
1209086_36_ue
807682_36
807694_13
455439_29
1209102_115
807702_53
1200925_7
1209117_18
1209118_35_ue
1209119_25_ue
807718_48
1200943_5_ue
1209138_80_ue
1209139_5
160574_17
1209159_22
455499_68
807766_1
160599_14
1209174_276
1209179_83_ue
1209181_211_ue
1209185_151_ue
160611_113
1209187_70_ue
1209189_31_ue
455527_382
160618_363
1209199_24
1209203_9_ue
1209209_86_ue
1209221_32_ue
1209223_243
455561_100
1201035_63
455568_25
807836_568
1201058_11_ue
455588_10
807846_638
160679_13
455597_66
1209262_16_ue
1201073_24_ue
1209267_50_ue
807861_25
1201077_29_ue
1209269_77
1201080_52
455609_15
1209282_17
160708_14
807877_23
455624_5
1209293_51_ue
1209302_23_ue
455639_32
1201111_1
455645_68
1209315_44_ue
455664_12
1201138_718
1209330_50_ue
160757_8
455674_10
160764_37
455678_14
160769_17
1201156_29_ue
1209348_7
1209351_31_ue
455692_19
1209360_89
160785_7
455700_19
1201174_96
160791_10
1209366_13_ue
455705_34
1201177_15_ue
1201185_3
807976_47
1201192_3
1201197_28_ue
1209390_20_ue
1201201_177_ue
160818_44
807986_20
1201206_11
160823_9
1201211_34_ue
160829_43
1201214_24_ue
1209406_118_ue
1209411_110_ue
455748_5
808008_51
1201227_30_ue
160845_199
1209424_805_ue
455766_54
160855_9
160856_76
1201239_3
455770_56
1201243_5
1209430_7_ue
1209433_68_ue
1209434_36_ue
1201249_11
1201250_103_ue
1209442_10_ue
455780_96
1209444_8
160874_47
160877_40
808049_37
1201268_21_ue
160886_29
1201270_158
160889_52
160900_17
160905_3
160906_16
1209485_9_ue
1201296_9_ue
160918_20
160920_38
1209496_16_ue
1201306_41_ue
1201308_36
160925_100
1209500_30
1201311_17_ue
455840_28
1201315_18
455849_4
808105_74
160942_68
160951_47
1201339_193
160956_18
1209531_12_ue
1209538_26_ue
808133_52
1201353_71_ue
1209545_16_ue
160972_30
1201357_21_ue
1201359_243_ue
1201366_80_ue
1201374_33
1201380_25_ue
1209576_3_ue
455919_31
1209587_25_ue
1209588_297
1209596_17_ue
1209597_60_ue
1201408_19_ue
161026_7
1209602_41
1201412_67_ue
1201418_91
1209611_11_ue
1209614_55_ue
800015_49
455955_13
1209629_71_ue
800034_4
808226_44
161063_9
161064_95
161067_13
1201454_61_ue
161072_9
455986_95
1201458_60_ue
1209652_235
808248_21
455998_15
1209662_244
1209671_124_ue
1209673_99_ue
1209677_100
161103_109
1201495_16_ue
1209698_8
456049_3
1209713_35_ue
808307_8
1201523_539_ue
1209716_17_ue
1201526_71_ue
1209722_19_ue
1201531_13
161148_9
161153_39
1209740_49_ue
1201550_109
1209756_33_ue
808349_134
800158_209
1201565_23_ue
800160_182
1209757_15
1201570_4
161187_129
1209759_71_ue
1209762_8_ue
1201575_217
1201578_108_ue
808364_28
1201584_11
161201_14
808372_10
1201595_5
1201599_11_ue
1209791_135_ue
1201603_6
1201608_10
456137_46
808396_297
800209_95
808402_90
808422_37
1201644_20_ue
1201648_19
800243_175
800247_39
800253_10
808453_25
1209861_45_ue
1209871_37_ue
161297_18
800281_26
800282_143
1209881_33_ue
800285_27
161310_18
161312_21
161314_12
1201698_6_ue
808485_209
808487_10_ue
161320_14
800297_11
161322_32
1209897_59_ue
161324_1413
1209901_33_ue
1209905_56_ue
808502_38
1209910_74_ue
1209914_26_ue
1201725_30_ue
456261_24
456275_20
1209941_40_ue
1201755_2
808552_51
808556_9
1209966_30_ue
161393_8
1201780_2
1209983_11_ue
161413_5
808582_9
1201800_2
1209994_31_ue
1201804_18_ue
1201806_38
1210003_16_ue
800407_17
1201815_11
161437_2
1210017_48_ue
161442_16
1201828_70
1210026_577
161451_38
808620_25
1210031_20_ue
808624_71
1201847_4
1210039_64_ue
1201852_493
1201853_11
1201858_35_ue
800460_17
456398_2
161488_30
800483_20
1210083_12_ue
456422_19
450555_24
161512_87
800491_4
1210092_63_ue
800495_123
808688_27
808689_9
1210095_66_ue
1210101_25_ue
1210103_13_ue
1210105_80_ue
1201914_92_ue
1201921_6
1210114_20_ue
1201928_112
1201929_19
1201937_12_ue
1210131_138
1201951_36
1210147_4
1210150_84_ue
161575_2
456491_199
161580_16
456500_16
161589_6
1210168_94
456508_12
800579_36
161605_7
808774_32
161607_29
1201992_5
161616_115
1210197_27_ue
1202012_73_ue
1210210_37
456547_50
456548_321
1210215_24_ue
161643_4
1202027_3_ue
808817_7
1202034_142_ue
1210228_37_ue
1210229_32
161660_21
1202047_20
1210239_36_ue
1202051_227
808836_35
1202054_36
1202057_8_ue
1210249_9_ue
800652_45
1202060_82_ue
1210254_63
161679_46
1210256_2
1202067_55_ue
1210266_16_ue
1210267_73_ue
1202078_22
1202081_12_ue
1210275_64_ue
1210277_52_ue
161702_14
161708_55
1210285_25_ue
161711_41
161714_2
161717_14
161719_23
456631_18
1210297_16_ue
456641_22
1210307_119
1210313_20_ue
161739_1
456652_16
800719_22
1210324_11_ue
456662_13
456668_761
800740_51
808936_52
161771_13
161774_6
456686_28
456690_1
456693_30
800758_41
456695_4
161786_159
161787_3
456699_106
1202173_56_ue
1210364_97_ue
1202177_26_ue
1210370_31_ue
1202191_71_ue
800785_122
161811_3
808980_85
1202225_74_ue
161842_28
1202234_258
1202235_48_ue
1210433_6
456776_2
1202255_80
1202265_11_ue
1202267_18_ue
161888_14
161892_20
1210470_4
456809_24
1210474_29
161903_37
800880_60
161911_82
456824_21
456831_3
809089_12
1202311_45
1202316_2
161941_18
1202335_5
1210527_41_ue
809128_8
1210543_8_ue
809140_50
800949_3
1210549_114_ue
809144_154
800954_7
1202363_11_ue
1202364_11
800960_48
800962_32
809161_12
1202378_39
800971_17
161996_27
1210572_20
800974_130
1202387_27
1202389_14_ue
1210584_16
162028_9
1202417_51
162038_21
1210614_22
1210620_74_ue
801021_2
456961_84
809220_4
1210631_83_ue
1210632_29_ue
1202444_148
1210638_26_ue
456975_30
1202447_11_ue
1202448_15_ue
456978_64
1210643_9
1210646_25_ue
1210649_28_ue
1210652_12_ue
809250_92
457007_35
457011_27
162101_22
1210679_6
457016_50
1202489_80_ue
162110_26
1210689_59_ue
1202499_24
457028_18
457042_7
457043_43
162136_15
162137_11
1210718_66_ue
809314_13
1210723_24
809317_4
1210727_143_ue
1210728_11_ue
809321_9
162156_425
1202542_5_ue
162159_3
162160_9
1202544_23_ue
1210735_48_ue
801139_7
1202559_10_ue
162178_4
1202563_10_ue
801166_288_ue
457108_81
1210776_178
801182_74
1210784_38
1202593_128_ue
1202594_124_ue
162215_127
1202602_6_ue
457134_32
1210800_17_ue
1202610_8
1210802_204
1210806_39_ue
457146_9
162235_255
809402_14
1210811_88
809406_55
1210813_95_ue
1202630_11
162252_29
1202641_57_ue
162261_25
457176_2
1202650_44_ue
162270_50
801248_198
801254_62
162285_175
1202671_11_ue
457211_205
1210884_11_ue
162310_113
1202697_101_ue
1202702_7
809488_113
1210897_26_ue
1202706_25_ue
162327_153
809495_30
457242_18
1210906_22_ue
1210908_26_ue
162333_41
1202717_9_ue
1210909_6
1202720_4
1202722_21_ue
1202731_6
162351_14
1202735_33
162353_8
1202739_17
1202740_6_ue
1210934_18_ue
457273_21
1210947_233
162372_82
162381_233
809549_31
162384_177
809561_417
801370_43
809562_96
1210969_13_ue
457312_42
1210978_20_ue
162405_8
809578_93
162412_20
801389_5
801393_17
457331_138
1210998_62_ue
457341_28
1211005_78_ue
457344_31
1202820_24
1211019_34_ue
1202834_35
1202838_2_ue
801441_84
162467_56
809635_137
1202851_101
1202863_4
1211058_13_ue
1202867_29_ue
457398_7
1202876_85_ue
1202879_6
457409_350
801475_117
162500_17
457417_19
457420_39
801485_14
1202892_5
1211086_30_ue
801491_48
1211092_66_ue
457429_7
162529_155
1211105_25_ue
1211107_10_ue
1202916_29_ue
457446_27
1211110_14_ue
1202922_39_ue
1211114_16_ue
1211118_7_ue
1202928_28_ue
1211121_13_ue
1211122_18_ue
457460_162
1211126_13_ue
1211127_2
1202937_259
1202939_20_ue
1211131_4_ue
1211135_31_ue
1211140_3
1211141_1
1202956_6
801553_12
1211153_10_ue
1211157_19_ue
809750_3
1202970_13
1211165_69
809758_11
1202974_3_ue
1211167_19_ue
809762_9
1211173_7_ue
1211174_14_ue
1202984_38_ue
1211177_6
801586_329
801587_136
1202995_41_ue
1211189_7
1211192_26_ue
809785_22
1211196_26_ue
1211198_10_ue
1211199_9_ue
1211200_4
1211205_13_ue
801606_32
1211206_1
1211210_18_ue
1211212_12_ue
801613_44
801614_15
162639_9
1211213_2
1211219_18_ue
1211221_26_ue
1211222_14
457560_5
809816_17
1211228_20_ue
1211232_12_ue
1211235_1
1203045_343
162664_13
1211244_56_ue
1211245_4
1203056_15_ue
801649_47
1211255_1
1203064_62_ue
162681_12
1211256_4_ue
1211257_8_ue
1211261_12_ue
162687_45
1211263_7_ue
1211266_53_ue
1203075_71_ue
1211269_2
1211270_1
1211272_6
1211274_13_ue
1211275_8_ue
1203085_9
1211282_21
1211283_8_ue
162708_2
1211286_2
1211291_1
801692_48
801693_23
1203100_8_ue
1211298_15_ue
1211303_33_ue
1203112_59_ue
1211307_45_ue
1203118_25_ue
1211313_17_ue
1211314_4_ue
1203123_23_ue
1211316_13_ue
1211317_3
1203126_102_ue
1211318_2
1203130_7_ue
1203131_11_ue
1211322_8_ue
1203134_28_ue
1203135_14
801728_244
1211328_26_ue
1211329_4
1211331_11_ue
801732_95
1211337_1
162762_27
1211338_13_ue
162768_24
162770_20
1211346_89_ue
1211347_20_ue
801749_15
1211348_4
1211349_1
1211354_10_ue
1211361_8_ue
1211362_22_ue
1211363_3
1211372_9_ue
809967_11
1211376_11_ue
809970_21
1211378_13
1211380_2
1203190_38
809975_149
809977_26
1211389_11_ue
1211393_36_ue
1211394_6
1211397_14_ue
1211403_12_ue
1203213_9_ue
1211407_1
162837_9
810008_181
1211421_10_ue
1211422_2
162848_45
1203232_19
1211424_15_ue
1211426_2
1211433_7_ue
1211434_3
1203243_11_ue
810028_32
1211435_14_ue
1211439_1
1211442_1
1211443_8_ue
1211444_2
1211445_2
1211446_10_ue
1211447_22_ue
1211448_7_ue
1211449_1
1211452_19_ue
1211453_46_ue
1211454_10
162879_11
1211456_2
1211461_12_ue
162886_113
1211463_3
1211469_1
1211470_11_ue
1211475_3
810073_51
1211484_5
1211485_2
1211487_2
1211490_18_ue
1211491_12_ue
1203301_5_ue
1211496_3
1211502_2
1211503_5_ue
1211506_14_ue
1203317_47_ue
1211515_4
1211516_9_ue
1211517_38
1211521_3
1203330_73_ue
1203332_40_ue
1211525_2
1211526_2
1211527_5
1211533_15_ue
810131_103
1211539_3_ue
801942_2
1211543_3
1203357_261_ue
1211549_21_ue
801951_75
1211551_13_ue
1211552_3
1211553_1
1211556_4
1211558_5
1211562_7_ue
1203371_13
810156_19
1211564_2
1211565_1
801967_54
1211566_11
1211567_69
1211568_3
1211569_14
1203380_5_ue
1211570_17_ue
1211577_1
1211578_7_ue
1211582_3_ue
1211583_13_ue
1211586_6_ue
1211592_1
1211596_5
1211597_4
1211599_20_ue
810204_11
1211613_4
1211615_1
1211619_1
1211620_5
163046_13
1211622_11_ue
1211623_10
1211628_12_ue
1211629_30_ue
1211630_3_ue
1211632_1
1211633_7_ue
1211634_6_ue
1211637_4
1211642_11_ue
1211643_2
1211645_17_ue
1211647_11
1211648_2
1211650_1
1211651_1
1203460_47_ue
1211652_7
1211654_3
1211655_1
1211661_8_ue
1211662_7
1211663_16_ue
163088_9
1211667_1
1211669_3
1203481_46_ue
802076_86
1211678_9_ue
1211680_39_ue
1211681_2
1211682_5
1211683_5
1203493_236
1211685_1
163111_26
1211689_4
163115_17
802091_108
1211691_2
1211693_4_ue
1211695_12
1211696_1
1211701_10
1211703_2
1211704_22
1203513_21_ue
810299_64
1203517_9_ue
1211709_15_ue
1211710_35_ue
1211711_4
1211713_12_ue
1203522_40_ue
1203527_82_ue
163144_129
1211719_3
1203530_61
1211720_2
1211721_8
1211722_13_ue
1211723_47_ue
163151_5
1211724_11
1203537_9
1211728_2_ue
1211731_21_ue
1211732_5
1203541_2_ue
1211734_3
1211736_1
1203545_57_ue
1211737_2
1203548_27_ue
1211741_12_ue
1211743_5
1203553_25_ue
1203554_19_ue
1211747_3
1211748_5_ue
1211751_4_ue
1211752_5
1211755_4
1211756_18_ue
1211757_3
1211758_6_ue
1211760_5
1211762_3
1203571_26_ue
1211771_18
802172_28
1211772_5
1211773_8
1211775_4
1203584_20_ue
1211777_8_ue
1211780_3
163205_98
1211782_51
1211783_9_ue
1211790_17_ue
1203599_54
1203600_9_ue
1211794_1
1211795_10_ue
1203605_276
1211803_22_ue
1211811_3
1211813_7
1211814_1
802215_57
1203627_10_ue
1211819_7
1211822_3
802223_32
1203631_45
1211825_2
1211827_4
1211829_6_ue
1211832_11
802233_107
1203649_61_ue
1211841_2
1211845_2
1211846_19
1211847_3
1211850_1
1211852_6
1211853_2
1211854_4
163279_7
450000_14
1211856_5_ue
163282_26
1211864_28_ue
1211865_3
1211866_14_ue
1211867_12_ue
163292_48
1211870_3
1203679_24_ue
1203680_37
1211871_5_ue
1203684_42
1211876_6
1211877_11_ue
1211878_53_ue
450024_21
1211879_4
1211880_1
1211882_15_ue
1211884_3
1211885_7
1211887_5
802289_5
450034_5
1211895_14
1203704_35_ue
802297_287
1211896_19
1211900_10
1211901_3
163326_38
802303_47
1203712_19_ue
1211902_20_ue
1211903_5
1211904_11_ue
1211906_5
1211907_4
1211912_258_ue
163337_78
1211914_1
1211915_7_ue
1203724_68
1211916_3
1211919_9
1211921_3
1211925_1
1211927_2
1211929_4
1211930_2
1203741_51_ue
163358_57
1203743_25_ue
450078_4
1211935_8_ue
1211940_27_ue
1203749_29_ue
1211942_6_ue
163367_125
1211945_19_ue
1211949_4
1211951_12_ue
1211952_2
1203763_213_ue
802356_101
1211956_6
802358_160
1203767_37_ue
1211957_17_ue
1211958_5
1203770_39
1211962_5
1211963_22_ue
1211964_3
1211965_2
1211966_8
802368_80
1211967_12_ue
1211968_9
1211969_2
1211970_5
1211971_10_ue
1211972_3
1211973_13_ue
450120_33
1203785_3_ue
1211980_5
1211981_17
1211982_4
1211983_3
1211984_113
1211987_3
1211992_3
1203801_13_ue
1211996_9
1211998_3
1211999_4_ue
163425_701
1203810_22_ue
1212003_8
1203812_18
1212004_4
1203814_20
1203815_37_ue
1212005_3_ue
1212006_4
1212007_8_ue
1212012_2
1212014_4
1212015_1
1212017_21_ue
1212018_8
1212020_12_ue
1212021_5
1212023_3
1212025_5
1203835_12_ue
1212031_5_ue
1212035_4
1212036_1
1212037_3_ue
1212038_3
1203851_47_ue
1212043_18_ue
1212046_2
1203860_64_ue
1212056_7_ue
1212060_2
1212064_1
1203874_18_ue
1212067_17
163492_17
1212070_32_ue
1212072_24
1212074_11
1212076_3
1212079_3
163504_141
163507_12
1212083_31_ue
1212084_8_ue
1212085_12_ue
1203896_21_ue
450253_7
1203917_143
1203932_54_ue
163552_41
163555_176
1203947_74_ue
163567_8
1203951_27_ue
1203957_7_ue
802550_77
1203965_33_ue
450306_2
1203970_54_ue
802570_295
450319_10
163600_194
1204009_39_ue
450346_234
1204017_24_ue
1204025_28_ue
802630_30
1204044_32_ue
1204050_9_ue
1204053_278
1204064_596
450401_39
1204065_59_ue
1204080_23
1204084_49_ue
1204091_9_ue
1204094_15
163712_5
1204099_37_ue
163720_5
1204106_11_ue
1204109_2_ue
1204128_264
450468_11
1204143_88
1204146_393
163763_124
1204151_7_ue
450491_63
802777_188
450537_30
802811_13
1220609_153
1212418_5
819205_27
172040_22
466953_47
1212419_3
1212427_120
1212429_21_ue
1220615_63_ue
458767_105
1212431_10_ue
1220620_11
1212434_26_ue
1212436_2
1212437_35_ue
1212439_2
1220630_12
1212442_6
1212443_1
458782_154
1212446_5
1212447_33_ue
1212448_4
1212449_1
1212452_11_ue
466981_82
1212454_29_ue
466984_300
1212458_42_ue
172076_42
458799_19
1212459_2
466993_3
1212461_12
1212463_2
1212468_5_ue
458805_30
811063_5
1212471_5
819259_8
1212472_4
1212475_3
1212478_3
819263_86
1220671_8_ue
1212481_2
1212483_3
172100_121
1212485_8_ue
172103_12
1212488_48
1212489_3
1212490_3
819275_290
1212493_2
1212495_6_ue
1212496_4
1212497_15
458836_11
1212498_4
1220693_6_ue
1227698_7_ue
458841_179
172122_77
811097_77
1212506_1
467038_14
458849_8
458852_5
1212508_4
172134_10
1212514_33_ue
1212517_1
172137_67
819305_1144
1212519_8_ue
1212520_9
1212521_6_ue
1212522_1
1212528_13_ue
1212529_2
819315_8
1212532_13_ue
1212536_3
1212537_5
458874_23
1212540_1
1212543_15_ue
467072_7
1212544_79_ue
1212545_1
1212546_37
1212547_35_ue
1212548_2
1227706_3
467082_157
467084_12
172173_260
1220748_221
467088_5
1212560_5
1212561_9_ue
1212562_5_ue
1212564_2
467095_27
172184_103
172185_44
172186_32
1212567_3
1212569_4_ue
1220765_17_ue
467108_31
1212580_33_ue
1212581_15_ue
1212582_9
1212584_7_ue
1212586_5
1212588_1
1212589_3
467120_33
1212590_1
1212591_2
1212592_56_ue
467124_153
811190_137
172215_126
458936_63
811191_282
811192_153
1212601_1
1212604_2
458943_60
819391_6
467137_10
467138_3
811203_226
1212606_2
1212607_2
1212614_1
1212615_5_ue
819401_13
1212616_1
1212624_10
1212625_13_ue
467154_24
1212630_3
819418_1
1212636_5_ue
1212637_4
467167_336
1212638_4_ue
172257_41
1212639_1
1212643_4_ue
811237_15
1212649_4_ue
467178_14
1212651_1
811246_105
467184_325
819439_20
458994_1
1212654_2
1212655_5_ue
819451_6
1212659_2
1212661_2
1212662_4
1212664_3
1212665_2
1212666_1
1212670_5_ue
1212671_1
1212672_2
1212674_82
1212678_7_ue
819467_19
819468_27
1212685_3_ue
811282_305
811283_26
819476_85
459030_34
467225_841
1212689_3_ue
172315_46
467228_47
1212692_4
1212693_5_ue
1212696_4
1212698_2
172321_7
1212699_2_ue
1212700_10_ue
1212703_26_ue
1212706_7
1212707_1
459052_9
Traceback (most recent call last):
  File "spider_66rpg_gamebin_auto.py", line 124, in download
    get_gamebin(id)
  File "spider_66rpg_gamebin_auto.py", line 31, in get_gamebin
    gameName = str(jsonLoads['data'][-1]['name'])
TypeError: 'NoneType' object is not subscriptable

During handling of the above exception, another exception occurred:

Traceback (most recent call last):
  File "spider_66rpg_gamebin_auto.py", line 129, in download
    get_gamebin(id) # try again
  File "spider_66rpg_gamebin_auto.py", line 31, in get_gamebin
    gameName = str(jsonLoads['data'][-1]['name'])
TypeError: 'NoneType' object is not subscriptable

During handling of the above exception, another exception occurred:

Traceback (most recent call last):
  File "spider_66rpg_gamebin_auto.py", line 139, in <module>
    download(ids)
  File "spider_66rpg_gamebin_auto.py", line 134, in download
    _ = f.write(str(id)+' || '+e+'\n')
TypeError: can only concatenate str (not "TypeError") to str
